{
  "Version": 7,
  "Account_id": "111211048951",
  "Interface_id": "eni-0d1bf1fa1111c1a42",
  "Srcaddr": "10.111.41.17",
  "Dstaddr": "10.111.31.65",
  "Srcport": 15088,
  "Dstport": 8080,
  "Protocol": 6,
  "Packets": 7,
  "Bytes": 510,
  "Start": 1721118561,
  "End": 1721118582,
  "Action": "ACCEPT",
  "Log_status": "OK",
  "Vpc_id": "vpc-0d1e11fd11d2e211",
  "Subnet_id": "subnet-09e11ddb8f19b9ffb",
  "Instance_id": "-",
  "Tcp_flags": 3,
  "Type": "IPv4",
  "Pkt_srcaddr": "10.111.41.17",
  "Pkt_dstaddr": "10.111.31.65",
  "Region": "ap-northeast-1",
  "Az_id": "apne1-az1",
  "Sublocation_type": "-",
  "Sublocation_id": "-",
  "Pkt_src_aws_service": "-",
  "Pkt_dst_aws_service": "-",
  "Flow_direction": "ingress",
  "Traffic_path": null,
  "Ecs_cluster_arn": "arn:aws:ecs:ap-northeast-1:111211048951:cluster/cse-kms-svc",
  "Ecs_cluster_name": "cse-kms-svc",
  "Ecs_container_instance_arn": "-",
  "Ecs_container_instance_id": "-",
  "Ecs_container_id": "111164c101c1461182111a12e828fd4e-3440685709",
  "Ecs_second_container_id": "-",
  "Ecs_service_name": "cse-kms-svc",
  "Ecs_task_definition_arn": "arn:aws:ecs:ap-northeast-1:211261048951:task-definition/cse-kms-svc:15",
  "Ecs_task_arn": "arn:aws:ecs:ap-northeast-1:211261048951:task/cse-kms-svc/111164c101c1461182111a12e828fd4e",
  "Ecs_task_id": "111164c101c1461182111a12e828fd4e"
}