{
  "Version": 7,
  "Account_id": "111211041951",
  "Interface_id": "eni-02e1102e91b21c8a8",
  "Srcaddr": "10.111.33.51",
  "Dstaddr": "10.111.31.219",
  "Srcport": 49401,
  "Dstport": 53,
  "Protocol": 17,
  "Packets": 1,
  "Bytes": 94,
  "Start": 1721120186,
  "End": 1721120216,
  "Action": "ACCEPT",
  "Log_status": "OK",
  "Vpc_id": "vpc-0d6e26fd11ed2e294",
  "Subnet_id": "subnet-0e111e8b6c1fd19d7",
  "Instance_id": "i-0afaf121f8638161f",
  "Tcp_flags": 0,
  "Type": "IPv4",
  "Pkt_srcaddr": "10.111.31.56",
  "Pkt_dstaddr": "10.111.11.72",
  "Region": "ap-northeast-1",
  "Az_id": "apne1-az4",
  "Sublocation_type": "-",
  "Sublocation_id": "-",
  "Pkt_src_aws_service": "-",
  "Pkt_dst_aws_service": "-",
  "Flow_direction": "ingress",
  "Traffic_path": null,
  "Ecs_cluster_arn": "-",
  "Ecs_cluster_name": "-",
  "Ecs_container_instance_arn": "-",
  "Ecs_container_instance_id": "-",
  "Ecs_container_id": "-",
  "Ecs_second_container_id": "-",
  "Ecs_service_name": "-",
  "Ecs_task_definition_arn": "-",
  "Ecs_task_arn": "-",
  "Ecs_task_id": "-"
}